{
  "0 debug pnpm:scope": {
    "selected": 1
  },
  "1 debug pnpm:package-manifest": {
    "initial": {
      "name": "yia-web",
      "version": "0.0.1",
      "scripts": {
        "dev": "svelte-kit dev -p 3131",
        "build": "svelte-kit build",
        "package": "svelte-kit package",
        "preview": "svelte-kit preview",
        "generate": "run-s generateTask:*",
        "generateTask:generate": "graphql-codegen --config codegen.yml -r dotenv/config",
        "generateTask:cleanup": "node scripts/index.js",
        "check": "svelte-check --tsconfig ./tsconfig.json",
        "check:watch": "svelte-check --tsconfig ./tsconfig.json --watch",
        "lint": "prettier --ignore-path .gitignore --check --plugin-search-dir=. . && eslint --ignore-path .gitignore .",
        "format": "prettier --ignore-path .gitignore --write --plugin-search-dir=. ."
      },
      "devDependencies": {
        "@graphql-codegen/cli": "2.3.1",
        "@graphql-codegen/typescript": "2.4.2",
        "@graphql-codegen/typescript-operations": "^2.2.2",
        "@graphql-codegen/typescript-urql": "^3.4.2",
        "@graphql-codegen/urql-svelte-operations-store": "^1.1.9",
        "@sveltejs/adapter-auto": "next",
        "@sveltejs/adapter-node": "^1.0.0-next.68",
        "@sveltejs/adapter-static": "^1.0.0-next.28",
        "@sveltejs/kit": "next",
        "@types/lodash": "^4.14.178",
        "@typescript-eslint/parser": "^5.9.1",
        "@urql/exchange-graphcache": "^4.3.6",
        "@urql/exchange-request-policy": "^0.1.5",
        "@urql/svelte": "^1.3.3",
        "dotenv": "^16.0.0",
        "eslint-plugin-svelte3": "^3.4.0",
        "graphql": "^16.3.0",
        "lodash": "^4.17.21",
        "npm-run-all": "^4.1.5",
        "prettier": "^2.5.1",
        "prettier-plugin-svelte": "^2.6.0",
        "sass": "^1.49.7",
        "svelte": "^3.46.4",
        "svelte-check": "^2.2.6",
        "svelte-loader": "^3.1.2",
        "svelte-preprocess": "^4.10.1",
        "tslib": "^2.3.1",
        "typescript": "^4.4.3",
        "urql": "^2.0.6"
      },
      "type": "module",
      "volta": {
        "node": "17.3.1"
      }
    },
    "prefix": "/Users/robin/src/clients/yia.ui-1"
  },
  "2 debug pnpm:context": {
    "currentLockfileExists": false,
    "storeDir": "/Users/robin/.pnpm-store/v3",
    "virtualStoreDir": "/Users/robin/src/clients/yia.ui-1/node_modules/.pnpm"
  },
  "3 debug pnpm:stage": {
    "prefix": "/Users/robin/src/clients/yia.ui-1",
    "stage": "resolution_started"
  },
  "4 debug pnpm:_dependency_resolved": {
    "resolution": "kiwicloud-artifacts-424582145421.d.codeartifact.ap-southeast-2.amazonaws.com/@graphql-codegen/typescript/2.4.2",
    "wanted": {
      "dependentId": ".",
      "name": "@graphql-codegen/typescript",
      "rawSpec": "2.4.2"
    }
  },
  "5 debug pnpm:progress": {
    "packageId": "kiwicloud-artifacts-424582145421.d.codeartifact.ap-southeast-2.amazonaws.com/@graphql-codegen/typescript/2.4.2",
    "requester": "/Users/robin/src/clients/yia.ui-1",
    "status": "resolved"
  },
  "6 debug pnpm:progress": {
    "packageId": "kiwicloud-artifacts-424582145421.d.codeartifact.ap-southeast-2.amazonaws.com/@graphql-codegen/typescript/2.4.2",
    "requester": "/Users/robin/src/clients/yia.ui-1",
    "status": "found_in_store"
  },
  "7 debug pnpm:_dependency_resolved": {
    "resolution": "kiwicloud-artifacts-424582145421.d.codeartifact.ap-southeast-2.amazonaws.com/@graphql-codegen/cli/2.3.1",
    "wanted": {
      "dependentId": ".",
      "name": "@graphql-codegen/cli",
      "rawSpec": "2.3.1"
    }
  },
  "8 debug pnpm:progress": {
    "packageId": "kiwicloud-artifacts-424582145421.d.codeartifact.ap-southeast-2.amazonaws.com/@graphql-codegen/cli/2.3.1",
    "requester": "/Users/robin/src/clients/yia.ui-1",
    "status": "resolved"
  },
  "9 debug pnpm:progress": {
    "packageId": "kiwicloud-artifacts-424582145421.d.codeartifact.ap-southeast-2.amazonaws.com/@graphql-codegen/cli/2.3.1",
    "requester": "/Users/robin/src/clients/yia.ui-1",
    "status": "found_in_store"
  },
  "10 error pnpm": {
    "code": "ERR_PNPM_FETCH_401",
    "hint": "An authorization header was used: Bearer eyJ2[hidden]",
    "request": {
      "authHeaderValue": "Bearer eyJ2ZXIiOjEsImlzdSI6MTY1MjMxNzk1NywiZW5jIjoiQTEyOEdDTSIsInRhZyI6ImJWVzYxOU9feUxDZ0M2bmg3YXZJT2ciLCJleHAiOjE2NTIzNjExNTcsImFsZyI6IkExMjhHQ01LVyIsIml2IjoiN0dVUlp2aVJZTktPeFB0QSJ9.nTCDxev5EzI5GJLcHBjuQw.1kQh3NpWWX3F27vu.hjupsizUI8HXwVCuJseBRdk-oq0iDJjOtXh3bk_T8xymHSiulDTqzWWfILfc-mljZSpXXG6JledKg6u5dRr_X2qkpxaL5R7SHrRf4GJtaKJbNdw6vlWIiMePpvS9or4zmCdGFz3AUjqSuCflxg_smE8Zb2YuDgfiucNSHPgP7NQr74_hDwQcyxMMGjgb_jgonET3OeqtoB8G1FZYvyb50oGg9NGVQKSnwBqr22EmaSbnS1-4PJsYnS3-_c8iIWWgBjLQen9EGE860w2547szWO8VzIxFXvulbpCH45sm7KcY3QSaWvVJXDI1l_hs1lnGK7h9TIl_cu4xJUsO6LnuLo1xEh-SK5ATstx6a1dMYdf8ptokvR8XMw66MytvDphYMZbgeYsjOeFTmhKrhLssaZG5i4UXtoRg8jdIZ5SXx0wsVZKIfvG417MQ7tZGl7bSRDes9_4qvUn7h7gDqmb1EdQiiPWHnNReMt3XNlgd1I1Yy2PhAVmXvM7lIMinhTrDqckKqtk9l8QDgxMknos0h9eM1QRc5LWjJIUFSYjcChfPQ4k_4LECvIf1kk3Hd63eoOkRTnC3vnowW8XFtgGoYB0kjVF2ORk3PG43jp5IoIaVa2JUEMPNhfgxjJWCqITYG72M5z0K9aoCcmzWTm_HHBD6Tht5obCkvhkw8ctjyMK2gENKwJa1krMTLU_TnH2AFTFOWqt3oq5w5XCzN_Ydr6covthLunTr3CrT6PfwjBL6S1V1vUWwB3VgaDMkRU3fp27Gr26SlE61jZpApvu_NDPLeFm1uFRJtioWmo3IQp8_T8M3wekBtGQdwVwVP19ddxvataHyTdmjAO4qZmGJ82A29RHVI5yns5ZCzJ1qWLuXWNZOqre7JSbhKdob5jDUaOmZz5uSvjHPP__V7GPqBgySmfymW741lMwxNLQKRx4.nTZYKvX0nqu9YPTaSI58PA",
      "url": "https://kiwicloud-artifacts-424582145421.d.codeartifact.ap-southeast-2.amazonaws.com/npm/kup/@urql%2Fsvelte"
    },
    "response": {
      "size": 0
    },
    "pkgName": "@urql/svelte",
    "pkgsStack": [],
    "err": {
      "name": "pnpm",
      "message": "GET https://kiwicloud-artifacts-424582145421.d.codeartifact.ap-southeast-2.amazonaws.com/npm/kup/@urql%2Fsvelte: Unauthorized - 401",
      "code": "ERR_PNPM_FETCH_401",
      "stack": "pnpm: GET https://kiwicloud-artifacts-424582145421.d.codeartifact.ap-southeast-2.amazonaws.com/npm/kup/@urql%2Fsvelte: Unauthorized - 401\n    at RetryOperation._fn (/Users/robin/.volta/tools/image/packages/pnpm/lib/node_modules/pnpm/dist/pnpm.cjs:85659:19)\n    at processTicksAndRejections (node:internal/process/task_queues:96:5)"
    }
  }
}